proguard.cfg
-injars      bin/classes
-injars      libs
-outjars     bin/classes-processed.jar
-libraryjars D:/android-sdk_r18-windows/android-sdk-windows/platforms/android-19/android.jar

-dontpreverify
-repackageclasses ''
-allowaccessmodification
-optimizations !code/simplification/arithmetic
-keepattributes *Annotation*

-keep class * extends android.app.Activity
-keep class * extends android.app.Application
-keep class * extends android.app.Service
-keep class * extends android.content.BroadcastReceiver
-keep class * extends android.content.ContentProvider
-keep class * extends android.view.View
-keep class * extends android.preference.Preference
-keep class * extends android.content.BroadcastReceiver
-keep class * extends android.appwidget.AppWidgetProvider
-keep class com.iflytek.http.MultiInputStream {*;}

-keep public class * extends android.view.View {
    public <init>(android.content.Context);
    public <init>(android.content.Context, android.util.AttributeSet);
    public <init>(android.content.Context, android.util.AttributeSet, int);
    public void set*(...);
}

-keepclasseswithmembers class * {
    public <init>(android.content.Context, android.util.AttributeSet);
}

-keepclasseswithmembers class * {
    public <init>(android.content.Context, android.util.AttributeSet, int);
}

-keepclassmembers class **.R$* {
    public static <fields>;
}

-keepclassmembers enum * {public static **[] values();public static ** valueOf(java.lang.String);}
-keep class * implements android.os.Parcelable {public static final android.os.Parcelable$Creator *;}
-keepclasseswithmembernames class * {native <methods> ;} 

-dontwarn android.support.v4.**
-dontwarn android.support.v7.**
-dontwarn com.alibaba.**
-dontwarn cn.com.wo.**
-dontwarn com.actionbarsherlock.**
-dontwarn com.google.common.**
-dontwarn com.slidingmenu.**
-dontwarn com.nineoldandroids.view.**

-keep class com.actionbarsherlock.** {*;}
-keep class com.slidingmenu.** {*;}
-keep class android.support.v7.**
-keep class android.support.v4.**
-keep class com.nineoldandroids.view.**

-keep class cn.com.wo.http.json.** {*;}
-keep class cn.com.wo.http.result.** {*;}

-keep class com.iflytek.womusicclient.ShareMusicDialog {*;}
-keep class com.iflytek.womusicclient.share.** {*;}
-keep class com.sina.** {*;}
-keep class com.tencent.mm.** {*;}

-keepclassmembers public class * extends android.view.View { void set*(***); *** get*(); }
-keepclassmembers class cn.com.wo.http.result.* implements java.io.Serializable{ 
	void set*(***); 
	*** get*();
    static final long serialVersionUID;
    private static final java.io.ObjectStreamField[] serialPersistentFields;
    private void writeObject(java.io.ObjectOutputStream);
    private void readObject(java.io.ObjectInputStream);
    java.lang.Object writeReplace();
    java.lang.Object readResolve();
    public <fields>;
}
-keepclassmembers class * implements java.io.Serializable {
	void set*(***); 
	*** get*();
    static final long serialVersionUID;
    private static final java.io.ObjectStreamField[] serialPersistentFields;
    private void writeObject(java.io.ObjectOutputStream);
    private void readObject(java.io.ObjectInputStream);
    java.lang.Object writeReplace();
    java.lang.Object readResolve();
    public <fields>;
}

-keepattributes Signature
-keepclassmembers class **.R$* { public static <fields>; }