proguard/seeds.txt
com.lc.Broadcast.LCSocketBroadcast
com.lc.Broadcast.LCSocketBroadcast: LCSocketBroadcast()
com.lc.LCActionbarActivity
com.lc.LCActivity
com.lc.LCActivity: LCActivity()
com.lc.LCApplication
com.lc.LCApplication: LCApplication()
com.lc.LCMainActivity
com.lc.MainActivity
com.lc.MainActivity: MainActivity()
com.lc.R$anim: int abc_fade_in
com.lc.R$anim: int abc_fade_out
com.lc.R$anim: int abc_slide_in_bottom
com.lc.R$anim: int abc_slide_in_top
com.lc.R$anim: int abc_slide_out_bottom
com.lc.R$anim: int abc_slide_out_top
com.lc.R$attr: int actionBarDivider
com.lc.R$attr: int actionBarItemBackground
com.lc.R$attr: int actionBarSize
com.lc.R$attr: int actionBarSplitStyle
com.lc.R$attr: int actionBarStyle
com.lc.R$attr: int actionBarTabBarStyle
com.lc.R$attr: int actionBarTabStyle
com.lc.R$attr: int actionBarTabTextStyle
com.lc.R$attr: int actionBarWidgetTheme
com.lc.R$attr: int actionButtonStyle
com.lc.R$attr: int actionDropDownStyle
com.lc.R$attr: int actionLayout
com.lc.R$attr: int actionMenuTextAppearance
com.lc.R$attr: int actionMenuTextColor
com.lc.R$attr: int actionModeBackground
com.lc.R$attr: int actionModeCloseButtonStyle
com.lc.R$attr: int actionModeCloseDrawable
com.lc.R$attr: int actionModeCopyDrawable
com.lc.R$attr: int actionModeCutDrawable
com.lc.R$attr: int actionModeFindDrawable
com.lc.R$attr: int actionModePasteDrawable
com.lc.R$attr: int actionModePopupWindowStyle
com.lc.R$attr: int actionModeSelectAllDrawable
com.lc.R$attr: int actionModeShareDrawable
com.lc.R$attr: int actionModeSplitBackground
com.lc.R$attr: int actionModeStyle
com.lc.R$attr: int actionModeWebSearchDrawable
com.lc.R$attr: int actionOverflowButtonStyle
com.lc.R$attr: int actionProviderClass
com.lc.R$attr: int actionViewClass
com.lc.R$attr: int activityChooserViewStyle
com.lc.R$attr: int background
com.lc.R$attr: int backgroundSplit
com.lc.R$attr: int backgroundStacked
com.lc.R$attr: int buttonBarButtonStyle
com.lc.R$attr: int buttonBarStyle
com.lc.R$attr: int customNavigationLayout
com.lc.R$bool: int abc_action_bar_embed_tabs_pre_jb
com.lc.R$bool: int abc_action_bar_expanded_action_views_exclusive
com.lc.R$bool: int abc_config_actionMenuItemAllCaps
com.lc.R$bool: int abc_config_allowActionMenuItemTextWithIcon
com.lc.R$bool: int abc_config_showMenuShortcutsWhenKeyboardPresent
com.lc.R$bool: int abc_split_action_bar_is_narrow
com.lc.R$color: int abc_search_url_text_holo
com.lc.R$color: int abc_search_url_text_normal
com.lc.R$color: int abc_search_url_text_pressed
com.lc.R$color: int abc_search_url_text_selected
com.lc.R$color: int black
com.lc.R$color: int btn_item_press_color
com.lc.R$color: int btn_press_color
com.lc.R$color: int btn_unpress_color
com.lc.R$color: int dialog_bg
com.lc.R$color: int divider_color
com.lc.R$color: int msg_color
com.lc.R$color: int normal_btn_press_color
com.lc.R$color: int normal_btn_unpress_color
com.lc.R$color: int text_color
com.lc.R$color: int v1_layout_bk
com.lc.R$color: int v1_layout_cus_bk
com.lc.R$color: int v1_layout_cus_bk_dr_green
com.lc.R$color: int white
com.lc.R$color: int yellow
...
android.support.v4.view.ViewGroupCompatHC
android.support.v4.view.ViewGroupCompatIcs
android.support.v4.view.ViewGroupCompatJellybeanMR2
android.support.v4.view.ViewPager
android.support.v4.view.ViewPager: ViewPager(android.content.Context)
android.support.v4.view.ViewPager: ViewPager(android.content.Context,android.util.AttributeSet)
android.support.v4.view.ViewPager: void setScrollState(int)
android.support.v4.view.ViewPager: void setAdapter(android.support.v4.view.PagerAdapter)
android.support.v4.view.ViewPager: android.support.v4.view.PagerAdapter getAdapter()
android.support.v4.view.ViewPager: void setOnAdapterChangeListener(android.support.v4.view.ViewPager$OnAdapterChangeListener)
android.support.v4.view.ViewPager: int getClientWidth()
android.support.v4.view.ViewPager: void setCurrentItem(int)
android.support.v4.view.ViewPager: void setCurrentItem(int,boolean)
android.support.v4.view.ViewPager: int getCurrentItem()
android.support.v4.view.ViewPager: void setOnPageChangeListener(android.support.v4.view.ViewPager$OnPageChangeListener)
android.support.v4.view.ViewPager: void setPageTransformer(boolean,android.support.v4.view.ViewPager$PageTransformer)
android.support.v4.view.ViewPager: void setChildrenDrawingOrderEnabledCompat(boolean)
android.support.v4.view.ViewPager: int getOffscreenPageLimit()
android.support.v4.view.ViewPager: void setOffscreenPageLimit(int)
android.support.v4.view.ViewPager: void setPageMargin(int)
android.support.v4.view.ViewPager: int getPageMargin()
android.support.v4.view.ViewPager: void setPageMarginDrawable(android.graphics.drawable.Drawable)
android.support.v4.view.ViewPager$1
android.support.v4.view.ViewPager$2
android.support.v4.view.ViewPager$3
android.support.v4.view.ViewPager$Decor
android.support.v4.view.ViewPager$ItemInfo
android.support.v4.view.ViewPager$LayoutParams
android.support.v4.view.ViewPager$LayoutParams: ViewPager$LayoutParams(android.content.Context,android.util.AttributeSet)
android.support.v4.view.ViewPager$MyAccessibilityDelegate
android.support.v4.view.ViewPager$OnAdapterChangeListener
android.support.v4.view.ViewPager$OnPageChangeListener
android.support.v4.view.ViewPager$PageTransformer
android.support.v4.view.ViewPager$PagerObserver
android.support.v4.view.ViewPager$SavedState
android.support.v4.view.ViewPager$SavedState: android.os.Parcelable$Creator CREATOR
android.support.v4.view.ViewPager$SavedState$1
android.support.v4.view.ViewPager$SimpleOnPageChangeListener
android.support.v4.view.ViewPager$ViewPositionComparator
android.support.v4.view.ViewParentCompat
android.support.v4.view.ViewParentCompat$ViewParentCompatICSImpl
android.support.v4.view.ViewParentCompat$ViewParentCompatImpl
android.support.v4.view.ViewParentCompat$ViewParentCompatStubImpl
android.support.v4.view.ViewParentCompatICS
android.support.v4.view.WindowCompat
android.support.v4.view.accessibility.AccessibilityEventCompat
android.support.v4.view.accessibility.AccessibilityEventCompat$AccessibilityEventIcsImpl
android.support.v4.view.accessibility.AccessibilityEventCompat$AccessibilityEventStubImpl
android.support.v4.view.accessibility.AccessibilityEventCompat$AccessibilityEventVersionImpl
android.support.v4.view.accessibility.AccessibilityEventCompatIcs
android.support.v4.view.accessibility.AccessibilityManagerCompat
android.support.v4.view.accessibility.AccessibilityManagerCompat$AccessibilityManagerIcsImpl
android.support.v4.view.accessibility.AccessibilityManagerCompat$AccessibilityManagerIcsImpl$1
android.support.v4.view.accessibility.AccessibilityManagerCompat$AccessibilityManagerStubImpl
android.support.v4.view.accessibility.AccessibilityManagerCompat$AccessibilityManagerVersionImpl
android.support.v4.view.accessibility.AccessibilityManagerCompat$AccessibilityStateChangeListenerCompat
android.support.v4.view.accessibility.AccessibilityManagerCompatIcs
android.support.v4.view.accessibility.AccessibilityManagerCompatIcs$1