proguard/mapping.txt
com.lc.Broadcast.LCSocketBroadcast -> com.lc.Broadcast.LCSocketBroadcast:
    java.lang.String SOCKET_BROADCAST_ACTION -> a
    java.lang.String SOCKET_FLAGS -> b
    void onReceive(android.content.Context,android.content.Intent) -> onReceive
com.lc.LCActionbarActivity -> com.lc.LCActionbarActivity:
    com.lc.service.ILCSocketService mSocketService -> e
    android.content.ServiceConnection mServiceConnection -> f
    void onCreate(android.os.Bundle) -> onCreate
    void onResume() -> onResume
    void setContentView(int) -> setContentView
    void onDestroy() -> onDestroy
    void OnConnectBegin() -> h
    void OnConnectFaile() -> i
    void OnConnectSuccess() -> j
    void OnReceiveData(byte[]) -> a
    void OnSocketSendDataSuccess(byte[],com.lc.common.bean.LCBaseBean) -> a
com.lc.LCActionbarActivity$1 -> bF:
    com.lc.LCActionbarActivity this$0 -> a
    void onServiceDisconnected(android.content.ComponentName) -> onServiceDisconnected
    void onServiceConnected(android.content.ComponentName,android.os.IBinder) -> onServiceConnected
com.lc.LCActivity -> com.lc.LCActivity:
    com.lc.service.ILCSocketService mSocketService -> e
    android.content.Context mContext -> f
    boolean isBind -> g
    android.content.ServiceConnection mServiceConnection -> h
    void onCreate(android.os.Bundle) -> onCreate
    void onResume() -> onResume
    void setContentView(int) -> setContentView
    void onDestroy() -> onDestroy
    void destroyService() -> e
    void OnConnectBegin() -> h
    void OnConnectFaile() -> i
    void OnConnectSuccess() -> j
    void OnReceiveData(byte[]) -> a
    void OnSocketSendDataSuccess(byte[],com.lc.common.bean.LCBaseBean) -> a
com.lc.LCActivity$1 -> bG:
    com.lc.LCActivity this$0 -> a
    void onServiceDisconnected(android.content.ComponentName) -> onServiceDisconnected
    void onServiceConnected(android.content.ComponentName,android.os.IBinder) -> onServiceConnected
com.lc.LCApplication -> com.lc.LCApplication:
    void onCreate() -> onCreate
com.lc.LCConfig -> bH:
    int INIT_LIGHTS_NUM -> a
    int INIT_GROUPS_NUM -> b
    int INIT_SENCES_NUM -> c
    int INIT_SHOWS_NUM -> d
    com.lc.common.bean.ConfigBean config -> e
    com.lc.common.bean.ConfigBean getConfig() -> a
    void retainConfig(com.lc.common.bean.ConfigBean) -> a
    void setMemberNum(int) -> a
    void setGroupNum(int) -> b
    void setSenceNum(int) -> c
    int getMemberNum() -> b
    int getGroupNum() -> c
    int getSenceNum() -> d
    int getShowNum() -> e
    void setMembers(java.util.ArrayList) -> a
    void setGroups(java.util.ArrayList) -> b
    void setSences(java.util.ArrayList) -> c
    void setShows(java.util.ArrayList) -> d
    java.util.ArrayList getMembers() -> f
    java.util.ArrayList getGroups() -> g
    java.util.ArrayList getSences() -> h
    java.util.ArrayList getShows() -> i
    void init() -> k
    void reset() -> j
com.lc.LCFragment -> bI:
    com.lc.LCFragment$OnSendDataListen mSendDataListen -> M
    android.view.View bindView$469ccb8a(android.view.LayoutInflater) -> a
    android.view.View onCreateView(android.view.LayoutInflater,android.view.ViewGroup,android.os.Bundle) -> a
    void setOnSendDataListen(com.lc.LCFragment$OnSendDataListen) -> a
com.lc.LCFragment$OnSendDataListen -> bJ:
    void sendData(byte[],com.lc.common.bean.LCBaseBean) -> a
com.lc.LCLogPrint -> bK:
    java.lang.Process mProcess -> b
    java.lang.String LOG_BASEFILE_PATH -> a
    void makeLogFile() -> a
    void destoryProcess() -> b
    void access$0(com.lc.LCLogPrint,java.lang.Process) -> a
    java.lang.Process access$1(com.lc.LCLogPrint) -> a
com.lc.LCLogPrint$1 -> bL:
    com.lc.LCLogPrint this$0 -> a
    void run() -> run
...
android.support.v4.widget.SwipeRefreshLayout -> android.support.v4.widget.SwipeRefreshLayout:
    android.support.v4.widget.SwipeProgressBar mProgressBar -> a
    android.view.View mTarget -> b
    int mOriginalOffsetTop -> c
    android.support.v4.widget.SwipeRefreshLayout$OnRefreshListener mListener -> d
    android.view.MotionEvent mDownEvent -> e
    int mFrom -> f
    boolean mRefreshing -> g
    int mTouchSlop -> h
    float mDistanceToTriggerSync -> i
    float mPrevY -> j
    int mMediumAnimationDuration -> k
    float mFromPercentage -> l
    float mCurrPercentage -> m
    int mProgressBarHeight -> n
    int mCurrentTargetOffsetTop -> o
    boolean mReturningToStart -> p
    android.view.animation.DecelerateInterpolator mDecelerateInterpolator -> q
    android.view.animation.AccelerateInterpolator mAccelerateInterpolator -> r
    int[] LAYOUT_ATTRS -> s
    android.view.animation.Animation mAnimateToStartPosition -> t
    android.view.animation.Animation mShrinkTrigger -> u
    android.view.animation.Animation$AnimationListener mReturnToStartPositionListener -> v
    android.view.animation.Animation$AnimationListener mShrinkAnimationListener -> w
    java.lang.Runnable mReturnToStartPosition -> x
    java.lang.Runnable mCancel -> y
    void onAttachedToWindow() -> onAttachedToWindow
    void onDetachedFromWindow() -> onDetachedFromWindow
    void setOnRefreshListener(android.support.v4.widget.SwipeRefreshLayout$OnRefreshListener) -> setOnRefreshListener
android.support.v4.widget.SwipeRefreshLayout$1 -> android.support.v4.widget.SwipeRefreshLayout$1:
    android.support.v4.widget.SwipeRefreshLayout this$0 -> a
    void applyTransformation(float,android.view.animation.Transformation) -> applyTransformation
android.support.v4.widget.SwipeRefreshLayout$2 -> android.support.v4.widget.SwipeRefreshLayout$2:
    android.support.v4.widget.SwipeRefreshLayout this$0 -> a
    void applyTransformation(float,android.view.animation.Transformation) -> applyTransformation
android.support.v4.widget.SwipeRefreshLayout$3 -> android.support.v4.widget.SwipeRefreshLayout$3:
    android.support.v4.widget.SwipeRefreshLayout this$0 -> a
    void onAnimationEnd(android.view.animation.Animation) -> onAnimationEnd
android.support.v4.widget.SwipeRefreshLayout$4 -> android.support.v4.widget.SwipeRefreshLayout$4:
    android.support.v4.widget.SwipeRefreshLayout this$0 -> a
    void onAnimationEnd(android.view.animation.Animation) -> onAnimationEnd
android.support.v4.widget.SwipeRefreshLayout$5 -> android.support.v4.widget.SwipeRefreshLayout$5:
    android.support.v4.widget.SwipeRefreshLayout this$0 -> a
    void run() -> run
android.support.v4.widget.SwipeRefreshLayout$6 -> android.support.v4.widget.SwipeRefreshLayout$6:
    android.support.v4.widget.SwipeRefreshLayout this$0 -> a
    void run() -> run
android.support.v4.widget.SwipeRefreshLayout$BaseAnimationListener -> android.support.v4.widget.SwipeRefreshLayout$BaseAnimationListener:
    void onAnimationStart(android.view.animation.Animation) -> onAnimationStart
    void onAnimationEnd(android.view.animation.Animation) -> onAnimationEnd
    void onAnimationRepeat(android.view.animation.Animation) -> onAnimationRepeat
android.support.v4.widget.SwipeRefreshLayout$OnRefreshListener -> android.support.v4.widget.SwipeRefreshLayout$OnRefreshListener:
    void onRefresh() -> a