proguard/usage.txt
com.lc.BuildConfig
com.lc.LCActionbarActivity:
    100:108:protected void destroyService()
com.lc.LCFragment:
    protected int left
    protected int top
    protected int right
    protected int bottom
    38:42:public void setRange(int,int,int,int)
com.lc.LCMainActivity:
    private static final int GROUP_FRAGMENT_TAG
    private static final int SENCE_FRAGMENT_TAG
    private static final int SHOW_FRAGMENT_TAG
    private static final int GROUP_SETTING_FRAGMENT_TAG
    private static final int SENCE_SETTING_FRAGMENT_TAG
    private static final int SHOW_SETTING_FRAGMENT_TAG
    private static final int FAVOR_SETTING_FRAGMENT_TAG
    public static final int PROGRESS_SHOW
    public static final int PROGRESS_HIDE
    public static final int DATA_RESET
    public static final int PROGRESS_HIDE_DELAYE
com.lc.LCShare:
    private static final java.lang.String LOCAL_SHARE_NAME
    private static final java.lang.String CONFIG_FIELD_NAME
    10:10:public LCShare()
    16:23:public static void saveIntField(android.content.Context,java.lang.String,int)
    26:33:public static void saveLongField(android.content.Context,java.lang.String,long)
    36:43:public static void saveBooleanField(android.content.Context,java.lang.String,boolean)
    46:53:public static void saveStringField(android.content.Context,java.lang.String,java.lang.String)
    56:63:public static void saveFloatField(android.content.Context,java.lang.String,float)
    66:67:public static int getIntegerField(android.content.Context,java.lang.String)
com.lc.MainActivity:
    private android.support.v7.app.ActionBar mActionBar
    565:604:private void toogleMediaplay()
    89:89:static synthetic android.media.MediaPlayer access$16(com.lc.MainActivity)
com.lc.MainActivity$14
com.lc.MainActivity$8$1:
    353:353:public void OnCancalClick()
com.lc.R
com.lc.R$anim
com.lc.R$attr
com.lc.R$bool
com.lc.R$color
com.lc.R$dimen
com.lc.R$drawable
com.lc.R$id
com.lc.R$integer
com.lc.R$layout
com.lc.R$menu
com.lc.R$string
com.lc.R$style
com.lc.R$styleable
com.lc.animation.BaseEffects:
    private static final int DURATION
com.lc.animation.ColorUtils
com.lc.common.DataUtils:
    34:34:public DataUtils()
    97:97:public static void changeLight(com.lc.common.bean.LCBaseBean)
com.lc.common.DefaultWindowLayoutParamUtils
com.lc.common.JsonUtils:
    13:13:public JsonUtils()
    29:29:public static java.util.List fromArrayJson(java.lang.String,java.lang.Class)
com.lc.common.LogUtils:
    11:11:public LogUtils()
    36:39:public static void d(java.lang.String,java.lang.String)
    48:51:public static void d(java.lang.Class,java.lang.String)
    54:57:public static void w(java.lang.String,java.lang.String)
    66:69:public static void w(java.lang.Class,java.lang.String)
    72:75:public static void v(java.lang.String,java.lang.String)
    84:87:public static void v(java.lang.Class,java.lang.String)
    90:93:public static void e(java.lang.String,java.lang.String)
com.lc.common.QuickClickProtectUtils:
    9:9:public QuickClickProtectUtils()
com.lc.common.bean.LCBaseBean:
    81:85:public void addChild(com.lc.common.bean.LCBaseBean)
    88:95:public boolean removeChild(int)
com.lc.common.bean.MemberBean:
    19:19:public boolean isGroupedFlag()
com.lc.data.ChangeDataUtils:
    116:142:public static void setShowSences(int,java.util.HashMap)
    145:158:public static java.util.List getGroupMembers(int)
    162:180:public java.util.List getSenceGroups(int,int)
    249:272:public static boolean deleteMember(int)
    449:469:public static boolean deleteGroup(int)
    657:680:public static boolean deleteSence(int)
    698:723:public static void addOrAlterSenceToShow(android.content.Context,int,com.lc.sence.bean.SenceBean,int)
    795:829:public static boolean deleteShowSence(android.content.Context,int,int,com.lc.sence.bean.SenceBean)
    840:864:public static boolean deleteShow(int)
com.lc.data.DataConfig
com.lc.data.GroupItem:
    25:25:public boolean isSelect()
...
android.support.v4.app.ActivityOptionsCompat$ActivityOptionsImplJB:
    private final android.support.v4.app.ActivityOptionsCompatJB mImpl
    115:117:ActivityOptionsCompat$ActivityOptionsImplJB(android.support.v4.app.ActivityOptionsCompatJB)
    121:121:public android.os.Bundle toBundle()
    126:130:public void update(android.support.v4.app.ActivityOptionsCompat)
android.support.v4.app.ActivityOptionsCompatJB:
    private final android.app.ActivityOptions mActivityOptions
    29:29:public static android.support.v4.app.ActivityOptionsCompatJB makeCustomAnimation(android.content.Context,int,int)
    35:35:public static android.support.v4.app.ActivityOptionsCompatJB makeScaleUpAnimation(android.view.View,int,int,int,int)
    41:41:public static android.support.v4.app.ActivityOptionsCompatJB makeThumbnailScaleUpAnimation(android.view.View,android.graphics.Bitmap,int,int)
    47:49:private ActivityOptionsCompatJB(android.app.ActivityOptions)
    52:52:public android.os.Bundle toBundle()
    56:57:public void update(android.support.v4.app.ActivityOptionsCompatJB)
android.support.v4.app.BackStackRecord:
    static final java.lang.String TAG
    static final int OP_NULL
    static final int OP_ADD
    static final int OP_REPLACE
    static final int OP_REMOVE
    static final int OP_HIDE
    static final int OP_SHOW
    static final int OP_DETACH
    static final int OP_ATTACH
    338:338:public int getId()
    342:342:public int getBreadCrumbTitleRes()
    346:346:public int getBreadCrumbShortTitleRes()
    350:353:public java.lang.CharSequence getBreadCrumbTitle()
    357:360:public java.lang.CharSequence getBreadCrumbShortTitle()
    379:380:public android.support.v4.app.FragmentTransaction add(android.support.v4.app.Fragment,java.lang.String)
    421:421:public android.support.v4.app.FragmentTransaction replace(int,android.support.v4.app.Fragment)
    425:430:public android.support.v4.app.FragmentTransaction replace(int,android.support.v4.app.Fragment,java.lang.String)
    479:479:public android.support.v4.app.FragmentTransaction setCustomAnimations(int,int)
    484:488:public android.support.v4.app.FragmentTransaction setCustomAnimations(int,int,int,int)
    492:493:public android.support.v4.app.FragmentTransaction setTransition(int)
    497:498:public android.support.v4.app.FragmentTransaction setTransitionStyle(int)
    502:508:public android.support.v4.app.FragmentTransaction addToBackStack(java.lang.String)
    512:512:public boolean isAddToBackStackAllowed()
android.support.v4.app.DialogFragment:
    public static final int STYLE_NORMAL
    public static final int STYLE_NO_TITLE
    public static final int STYLE_NO_FRAME
    public static final int STYLE_NO_INPUT
    private static final java.lang.String SAVED_DIALOG_STATE_TAG
    private static final java.lang.String SAVED_STYLE
    private static final java.lang.String SAVED_THEME
    private static final java.lang.String SAVED_CANCELABLE
    private static final java.lang.String SAVED_SHOWS_DIALOG
    private static final java.lang.String SAVED_BACK_STACK_ID
    102:109:public void setStyle(int,int)
    123:128:public void show(android.support.v4.app.FragmentManager,java.lang.String)
    140:145:public int show(android.support.v4.app.FragmentTransaction,java.lang.String)
    155:156:public void dismiss()
    165:166:public void dismissAllowingStateLoss()
    195:195:public android.app.Dialog getDialog()
    212:214:public void setCancelable(boolean)
    220:220:public boolean isCancelable()
    241:242:public void setShowsDialog(boolean)
    248:248:public boolean getShowsDialog()